<?xml version="1.0" encoding="UTF-8"?>
<!-- Generated by org.testng.reporters.JUnitXMLReporter -->
<testsuite ignored="0" hostname="Sam-Personal" failures="5" tests="30" name="EndToEndTest" time="14700.736" errors="0" timestamp="2022-11-10T03:23:37 IST">
  <testcase classname="com.vision.test.LoginPageTest" name="LoginModule" time="28.473"/>
  <testcase classname="com.vision.test.DashboardPageTest" name="dashboardModule" time="195.797">
    <skipped/>
  </testcase> <!-- dashboardModule -->
  <testcase classname="com.vision.test.DashboardPageTest" name="dashboardModule" time="727.06">
    <skipped/>
  </testcase> <!-- dashboardModule -->
  <testcase classname="com.vision.test.DashboardPageTest" name="dashboardModule" time="727.151">
    <skipped/>
  </testcase> <!-- dashboardModule -->
  <testcase classname="com.vision.test.DashboardPageTest" name="dashboardModule" time="727.164">
    <failure type="org.openqa.selenium.TimeoutException" message="Expected condition failed: waiting for visibility of Proxy element for: DefaultElementLocator &amp;apos;By.xpath: //span[contains(text(),&amp;apos;FLOW&amp;apos;)]&amp;apos; (tried for 10 second(s) with 500 milliseconds interval)">
      <![CDATA[org.openqa.selenium.TimeoutException: Expected condition failed: waiting for visibility of Proxy element for: DefaultElementLocator 'By.xpath: //span[contains(text(),'FLOW')]' (tried for 10 second(s) with 500 milliseconds interval)
at org.openqa.selenium.support.ui.WebDriverWait.timeoutException(WebDriverWait.java:95)
at org.openqa.selenium.support.ui.FluentWait.until(FluentWait.java:272)
at com.vision.generics.GeneralFunctions.explicitWait(GeneralFunctions.java:180)
at com.vision.generics.GeneralFunctions.collectText(GeneralFunctions.java:71)
at com.vision.pageObjects.DashboardPage.useFilter(DashboardPage.java:216)
at com.vision.pageObjects.DashboardPage.applyFilters(DashboardPage.java:225)
at com.vision.test.DashboardPageTest.dashboardModule(DashboardPageTest.java:21)
at java.base/java.util.ArrayList.forEach(ArrayList.java:1541)
Caused by: org.openqa.selenium.NoSuchElementException: no such element: Unable to locate element: {"method":"xpath","selector":"//span[contains(text(),'FLOW')]"}
  (Session info: chrome=107.0.5304.88)
For documentation on this error, please visit: https://www.seleniumhq.org/exceptions/no_such_element.html
Build info: version: '3.141.59', revision: 'e82be7d358', time: '2018-11-14T08:17:03'
System info: host: 'SAM-PERSONAL', ip: '192.168.29.20', os.name: 'Windows 11', os.arch: 'amd64', os.version: '10.0', java.version: '11.0.15.1'
Driver info: org.openqa.selenium.chrome.ChromeDriver
Capabilities {acceptInsecureCerts: false, browserName: chrome, browserVersion: 107.0.5304.88, chrome: {chromedriverVersion: 107.0.5304.62 (1eec40d3a576..., userDataDir: C:\Users\samle\AppData\Loca...}, goog:chromeOptions: {debuggerAddress: localhost:62649}, javascriptEnabled: true, networkConnectionEnabled: false, pageLoadStrategy: normal, platform: WINDOWS, platformName: WINDOWS, proxy: Proxy(), setWindowRect: true, strictFileInteractability: false, timeouts: {implicit: 0, pageLoad: 300000, script: 30000}, unhandledPromptBehavior: dismiss and notify, webauthn:extension:credBlob: true, webauthn:extension:largeBlob: true, webauthn:virtualAuthenticators: true}
Session ID: 71c76ee44578df13a0c900816abfe911
*** Element info: {Using=xpath, value=//span[contains(text(),'FLOW')]}
at org.openqa.selenium.remote.http.W3CHttpResponseCodec.createException(W3CHttpResponseCodec.java:187)
at org.openqa.selenium.remote.http.W3CHttpResponseCodec.decode(W3CHttpResponseCodec.java:122)
at org.openqa.selenium.remote.http.W3CHttpResponseCodec.decode(W3CHttpResponseCodec.java:49)
at org.openqa.selenium.remote.HttpCommandExecutor.execute(HttpCommandExecutor.java:158)
at org.openqa.selenium.remote.service.DriverCommandExecutor.execute(DriverCommandExecutor.java:83)
at org.openqa.selenium.remote.RemoteWebDriver.execute(RemoteWebDriver.java:552)
at org.openqa.selenium.remote.RemoteWebDriver.findElement(RemoteWebDriver.java:323)
at org.openqa.selenium.remote.RemoteWebDriver.findElementByXPath(RemoteWebDriver.java:428)
at org.openqa.selenium.By$ByXPath.findElement(By.java:353)
at org.openqa.selenium.remote.RemoteWebDriver.findElement(RemoteWebDriver.java:315)
at org.openqa.selenium.support.pagefactory.DefaultElementLocator.findElement(DefaultElementLocator.java:69)
at org.openqa.selenium.support.pagefactory.internal.LocatingElementHandler.invoke(LocatingElementHandler.java:38)
at com.sun.proxy.$Proxy10.isDisplayed(Unknown Source)
at org.openqa.selenium.support.ui.ExpectedConditions.elementIfVisible(ExpectedConditions.java:314)
at org.openqa.selenium.support.ui.ExpectedConditions.access$000(ExpectedConditions.java:43)
at org.openqa.selenium.support.ui.ExpectedConditions$10.apply(ExpectedConditions.java:300)
at org.openqa.selenium.support.ui.ExpectedConditions$10.apply(ExpectedConditions.java:297)
at org.openqa.selenium.support.ui.FluentWait.until(FluentWait.java:249)
... 37 more
... Removed 34 stack frames]]>
    </failure>
  </testcase> <!-- dashboardModule -->
  <testcase classname="com.vision.test.InventoryPageTest" name="Inventory" time="217.926">
    <failure type="org.openqa.selenium.ElementNotInteractableException" message="element not interactable
  (Session info: chrome=107.0.5304.88)
Build info: version: &amp;apos;3.141.59&amp;apos;, revision: &amp;apos;e82be7d358&amp;apos;, time: &amp;apos;2018-11-14T08:17:03&amp;apos;
System info: host: &amp;apos;SAM-PERSONAL&amp;apos;, ip: &amp;apos;192.168.29.20&amp;apos;, os.name: &amp;apos;Windows 11&amp;apos;, os.arch: &amp;apos;amd64&amp;apos;, os.version: &amp;apos;10.0&amp;apos;, java.version: &amp;apos;11.0.15.1&amp;apos;
Driver info: org.openqa.selenium.chrome.ChromeDriver
Capabilities {acceptInsecureCerts: false, browserName: chrome, browserVersion: 107.0.5304.88, chrome: {chromedriverVersion: 107.0.5304.62 (1eec40d3a576..., userDataDir: C:\Users\samle\AppData\Loca...}, goog:chromeOptions: {debuggerAddress: localhost:62768}, javascriptEnabled: true, networkConnectionEnabled: false, pageLoadStrategy: normal, platform: WINDOWS, platformName: WINDOWS, proxy: Proxy(), setWindowRect: true, strictFileInteractability: false, timeouts: {implicit: 0, pageLoad: 300000, script: 30000}, unhandledPromptBehavior: dismiss and notify, webauthn:extension:credBlob: true, webauthn:extension:largeBlob: true, webauthn:virtualAuthenticators: true}
Session ID: 03783b12cadbf10b54e996479d18d915">
      <![CDATA[org.openqa.selenium.ElementNotInteractableException: element not interactable
  (Session info: chrome=107.0.5304.88)
Build info: version: '3.141.59', revision: 'e82be7d358', time: '2018-11-14T08:17:03'
System info: host: 'SAM-PERSONAL', ip: '192.168.29.20', os.name: 'Windows 11', os.arch: 'amd64', os.version: '10.0', java.version: '11.0.15.1'
Driver info: org.openqa.selenium.chrome.ChromeDriver
Capabilities {acceptInsecureCerts: false, browserName: chrome, browserVersion: 107.0.5304.88, chrome: {chromedriverVersion: 107.0.5304.62 (1eec40d3a576..., userDataDir: C:\Users\samle\AppData\Loca...}, goog:chromeOptions: {debuggerAddress: localhost:62768}, javascriptEnabled: true, networkConnectionEnabled: false, pageLoadStrategy: normal, platform: WINDOWS, platformName: WINDOWS, proxy: Proxy(), setWindowRect: true, strictFileInteractability: false, timeouts: {implicit: 0, pageLoad: 300000, script: 30000}, unhandledPromptBehavior: dismiss and notify, webauthn:extension:credBlob: true, webauthn:extension:largeBlob: true, webauthn:virtualAuthenticators: true}
Session ID: 03783b12cadbf10b54e996479d18d915
at org.openqa.selenium.remote.http.W3CHttpResponseCodec.createException(W3CHttpResponseCodec.java:187)
at org.openqa.selenium.remote.http.W3CHttpResponseCodec.decode(W3CHttpResponseCodec.java:122)
at org.openqa.selenium.remote.http.W3CHttpResponseCodec.decode(W3CHttpResponseCodec.java:49)
at org.openqa.selenium.remote.HttpCommandExecutor.execute(HttpCommandExecutor.java:158)
at org.openqa.selenium.remote.service.DriverCommandExecutor.execute(DriverCommandExecutor.java:83)
at org.openqa.selenium.remote.RemoteWebDriver.execute(RemoteWebDriver.java:552)
at org.openqa.selenium.remote.RemoteWebElement.execute(RemoteWebElement.java:285)
at org.openqa.selenium.remote.RemoteWebElement.clear(RemoteWebElement.java:124)
at org.openqa.selenium.support.pagefactory.internal.LocatingElementHandler.invoke(LocatingElementHandler.java:51)
at com.sun.proxy.$Proxy10.clear(Unknown Source)
at com.vision.pageObjects.InventoryPage.EditSupplierOrder(InventoryPage.java:867)
at com.vision.test.InventoryPageTest.Inventory(InventoryPageTest.java:41)
at java.base/java.util.ArrayList.forEach(ArrayList.java:1541)
... Removed 39 stack frames]]>
    </failure>
  </testcase> <!-- Inventory -->
  <testcase classname="com.vision.test.ResourcesPageTest" name="Resource" time="578.637"/>
  <testcase classname="com.vision.test.LackingPartsPageTest" name="lackingParts" time="951.549">
    <skipped/>
  </testcase> <!-- lackingParts -->
  <testcase classname="com.vision.test.LackingPartsPageTest" name="lackingParts" time="1182.48">
    <skipped/>
  </testcase> <!-- lackingParts -->
  <testcase classname="com.vision.test.LackingPartsPageTest" name="lackingParts" time="1182.722">
    <skipped/>
  </testcase> <!-- lackingParts -->
  <testcase classname="com.vision.test.LackingPartsPageTest" name="lackingParts" time="1181.992">
    <failure type="java.lang.IndexOutOfBoundsException" message="Index 0 out of bounds for length 0">
      <![CDATA[java.lang.IndexOutOfBoundsException: Index 0 out of bounds for length 0
at java.base/jdk.internal.util.Preconditions.outOfBounds(Preconditions.java:64)
at java.base/jdk.internal.util.Preconditions.outOfBoundsCheckIndex(Preconditions.java:70)
at java.base/jdk.internal.util.Preconditions.checkIndex(Preconditions.java:248)
at java.base/java.util.Objects.checkIndex(Objects.java:372)
at java.base/java.util.ArrayList.get(ArrayList.java:459)
at org.openqa.selenium.support.pagefactory.internal.LocatingElementListHandler.invoke(LocatingElementListHandler.java:39)
at com.sun.proxy.$Proxy11.get(Unknown Source)
at com.vision.pageObjects.LackingPartsPage.enabledFieldsInEdit(LackingPartsPage.java:716)
at com.vision.test.LackingPartsPageTest.lackingParts(LackingPartsPageTest.java:29)
at java.base/java.util.ArrayList.forEach(ArrayList.java:1541)
... Removed 35 stack frames]]>
    </failure>
  </testcase> <!-- lackingParts -->
  <testcase classname="com.vision.test.JobListPageTest" name="JobListtest" time="201.247"/>
  <testcase classname="com.vision.test.OrderSummaryPageTest" name="orderSummary" time="325.333"/>
  <testcase classname="com.vision.test.OrderSummaryPageTest" name="rough" time="176.695"/>
  <testcase classname="com.vision.test.AnalyticsPageTest" name="dashboardModule" time="239.001"/>
  <testcase classname="com.vision.test.CustomerInvoicePageTest" name="CustomerInvoice" time="32.919"/>
  <testcase classname="com.vision.test.OrderDetailsPageTest" name="orderDetails" time="881.692"/>
  <testcase classname="com.vision.test.OrderDetailsPageTest" name="rough" time="192.139"/>
  <testcase classname="com.vision.test.WorkOrderPageTest" name="newWorkOrderTest" time="54.581">
    <skipped/>
  </testcase> <!-- newWorkOrderTest -->
  <testcase classname="com.vision.test.WorkOrderPageTest" name="newWorkOrderTest" time="189.973">
    <skipped/>
  </testcase> <!-- newWorkOrderTest -->
  <testcase classname="com.vision.test.WorkOrderPageTest" name="newWorkOrderTest" time="186.95">
    <skipped/>
  </testcase> <!-- newWorkOrderTest -->
  <testcase classname="com.vision.test.WorkOrderPageTest" name="newWorkOrderTest" time="189.274">
    <failure type="java.lang.AssertionError" message="The following asserts failed:
	expected [false] but found [true],
	expected [true] but found [false],
	expected [false] but found [true],
	expected [true] but found [false],
	expected [false] but found [true],
	expected [true] but found [false],
	expected [false] but found [true]">
      <![CDATA[java.lang.AssertionError: The following asserts failed:
expected [false] but found [true],
expected [true] but found [false],
expected [false] but found [true],
expected [true] but found [false],
expected [false] but found [true],
expected [true] but found [false],
expected [false] but found [true]
at com.vision.test.WorkOrderPageTest.newWorkOrderTest(WorkOrderPageTest.java:30)
at java.base/java.util.ArrayList.forEach(ArrayList.java:1541)
... Removed 33 stack frames]]>
    </failure>
  </testcase> <!-- newWorkOrderTest -->
  <testcase classname="com.vision.test.ProductionPageTest" name="ProductionPages" time="866.014"/>
  <testcase classname="com.vision.test.OutstandingOrdersPageTest" name="outStandingOrders" time="612.437"/>
  <testcase classname="com.vision.test.ProductionPlannningPageTest" name="ProductionPlannningPage" time="325.618"/>
  <testcase classname="com.vision.test.ShippingInvoicePageTest" name="ShippingInvoice" time="113.244"/>
  <testcase classname="com.vision.test.PurchaseOrderPageTest" name="newPurchaseOrderTest" time="351.347">
    <skipped/>
  </testcase> <!-- newPurchaseOrderTest -->
  <testcase classname="com.vision.test.PurchaseOrderPageTest" name="newPurchaseOrderTest" time="483.886">
    <skipped/>
  </testcase> <!-- newPurchaseOrderTest -->
  <testcase classname="com.vision.test.PurchaseOrderPageTest" name="newPurchaseOrderTest" time="494.919">
    <skipped/>
  </testcase> <!-- newPurchaseOrderTest -->
  <testcase classname="com.vision.test.PurchaseOrderPageTest" name="newPurchaseOrderTest" time="495.818">
    <failure type="org.openqa.selenium.TimeoutException" message="Expected condition failed: waiting for visibility of Proxy element for: DefaultElementLocator &amp;apos;By.xpath: //p[contains(text(),&amp;apos;Successfully finalized the WorkOrder: &amp;apos;)]/a/b&amp;apos; (tried for 10 second(s) with 500 milliseconds interval)">
      <![CDATA[org.openqa.selenium.TimeoutException: Expected condition failed: waiting for visibility of Proxy element for: DefaultElementLocator 'By.xpath: //p[contains(text(),'Successfully finalized the WorkOrder: ')]/a/b' (tried for 10 second(s) with 500 milliseconds interval)
at org.openqa.selenium.support.ui.WebDriverWait.timeoutException(WebDriverWait.java:95)
at org.openqa.selenium.support.ui.FluentWait.until(FluentWait.java:272)
at com.vision.generics.GeneralFunctions.explicitWait(GeneralFunctions.java:180)
at com.vision.generics.GeneralFunctions.collectText(GeneralFunctions.java:71)
at com.vision.pageObjects.PurchaseOrderPage.finalizeWOforPO(PurchaseOrderPage.java:730)
at com.vision.test.PurchaseOrderPageTest.newPurchaseOrderTest(PurchaseOrderPageTest.java:32)
at java.base/java.util.ArrayList.forEach(ArrayList.java:1541)
Caused by: org.openqa.selenium.NoSuchElementException: no such element: Unable to locate element: {"method":"xpath","selector":"//p[contains(text(),'Successfully finalized the WorkOrder: ')]/a/b"}
  (Session info: chrome=107.0.5304.88)
For documentation on this error, please visit: https://www.seleniumhq.org/exceptions/no_such_element.html
Build info: version: '3.141.59', revision: 'e82be7d358', time: '2018-11-14T08:17:03'
System info: host: 'SAM-PERSONAL', ip: '192.168.29.20', os.name: 'Windows 11', os.arch: 'amd64', os.version: '10.0', java.version: '11.0.15.1'
Driver info: org.openqa.selenium.chrome.ChromeDriver
Capabilities {acceptInsecureCerts: false, browserName: chrome, browserVersion: 107.0.5304.88, chrome: {chromedriverVersion: 107.0.5304.62 (1eec40d3a576..., userDataDir: C:\Users\samle\AppData\Loca...}, goog:chromeOptions: {debuggerAddress: localhost:64155}, javascriptEnabled: true, networkConnectionEnabled: false, pageLoadStrategy: normal, platform: WINDOWS, platformName: WINDOWS, proxy: Proxy(), setWindowRect: true, strictFileInteractability: false, timeouts: {implicit: 0, pageLoad: 300000, script: 30000}, unhandledPromptBehavior: dismiss and notify, webauthn:extension:credBlob: true, webauthn:extension:largeBlob: true, webauthn:virtualAuthenticators: true}
Session ID: 1de9f4da8c85e189346cf0631d530082
*** Element info: {Using=xpath, value=//p[contains(text(),'Successfully finalized the WorkOrder: ')]/a/b}
at org.openqa.selenium.remote.http.W3CHttpResponseCodec.createException(W3CHttpResponseCodec.java:187)
at org.openqa.selenium.remote.http.W3CHttpResponseCodec.decode(W3CHttpResponseCodec.java:122)
at org.openqa.selenium.remote.http.W3CHttpResponseCodec.decode(W3CHttpResponseCodec.java:49)
at org.openqa.selenium.remote.HttpCommandExecutor.execute(HttpCommandExecutor.java:158)
at org.openqa.selenium.remote.service.DriverCommandExecutor.execute(DriverCommandExecutor.java:83)
at org.openqa.selenium.remote.RemoteWebDriver.execute(RemoteWebDriver.java:552)
at org.openqa.selenium.remote.RemoteWebDriver.findElement(RemoteWebDriver.java:323)
at org.openqa.selenium.remote.RemoteWebDriver.findElementByXPath(RemoteWebDriver.java:428)
at org.openqa.selenium.By$ByXPath.findElement(By.java:353)
at org.openqa.selenium.remote.RemoteWebDriver.findElement(RemoteWebDriver.java:315)
at org.openqa.selenium.support.pagefactory.DefaultElementLocator.findElement(DefaultElementLocator.java:69)
at org.openqa.selenium.support.pagefactory.internal.LocatingElementHandler.invoke(LocatingElementHandler.java:38)
at com.sun.proxy.$Proxy10.isDisplayed(Unknown Source)
at org.openqa.selenium.support.ui.ExpectedConditions.elementIfVisible(ExpectedConditions.java:314)
at org.openqa.selenium.support.ui.ExpectedConditions.access$000(ExpectedConditions.java:43)
at org.openqa.selenium.support.ui.ExpectedConditions$10.apply(ExpectedConditions.java:300)
at org.openqa.selenium.support.ui.ExpectedConditions$10.apply(ExpectedConditions.java:297)
at org.openqa.selenium.support.ui.FluentWait.until(FluentWait.java:249)
... 36 more
... Removed 34 stack frames]]>
    </failure>
  </testcase> <!-- newPurchaseOrderTest -->
</testsuite> <!-- EndToEndTest -->
